\BOOKMARK [0][-]{section*.1}{\376\377\000N\000e\000u\000t\000r\000o\000n\000\040\000S\000t\000a\000r\000s\000\040\000a\000s\000\040\000F\000e\000r\000m\000i\000\040\000G\000a\000s}{}% 1
\BOOKMARK [1][-]{section*.2}{\376\377\000I\000n\000t\000r\000o\000d\000u\000c\000t\000i\000o\000n}{section*.1}% 2
\BOOKMARK [1][-]{section*.3}{\376\377\000Q\000u\000a\000n\000t\000u\000m\000\040\000F\000e\000r\000m\000i\000\040\000G\000a\000s}{section*.1}% 3
\BOOKMARK [2][-]{section*.4}{\376\377\000F\000e\000r\000m\000i\040\023\000D\000i\000r\000a\000c\000\040\000S\000t\000a\000t\000i\000s\000t\000i\000c\000s\000\040\000a\000n\000d\000\040\000t\000h\000e\000\040\000D\000e\000n\000s\000i\000t\000y\000\040\000o\000f\000\040\000S\000t\000a\000t\000e\000s}{section*.3}% 4
\BOOKMARK [2][-]{section*.5}{\376\377\000T\000h\000e\000\040\000Z\000e\000r\000o\000-\000T\000e\000m\000p\000e\000r\000a\000t\000u\000r\000e\000\040\000L\000i\000m\000i\000t\000\040\000a\000n\000d\000\040\000t\000h\000e\000\040\000F\000e\000r\000m\000i\000\040\000E\000n\000e\000r\000g\000y}{section*.3}% 5
\BOOKMARK [2][-]{section*.6}{\376\377\000D\000e\000g\000e\000n\000e\000r\000a\000c\000y\000\040\000P\000r\000e\000s\000s\000u\000r\000e}{section*.3}% 6
\BOOKMARK [2][-]{section*.7}{\376\377\000T\000h\000e\000\040\000N\000o\000n\000-\000R\000e\000l\000a\000t\000i\000v\000i\000s\000t\000i\000c\000\040\000L\000i\000m\000i\000t}{section*.3}% 7
\BOOKMARK [2][-]{section*.8}{\376\377\000T\000h\000e\000\040\000U\000l\000t\000r\000a\000-\000R\000e\000l\000a\000t\000i\000v\000i\000s\000t\000i\000c\000\040\000L\000i\000m\000i\000t}{section*.3}% 8
\BOOKMARK [2][-]{section*.9}{\376\377\000T\000h\000e\000\040\000F\000u\000l\000l\000\040\000R\000e\000l\000a\000t\000i\000v\000i\000s\000t\000i\000c\000\040\000E\000q\000u\000a\000t\000i\000o\000n\000\040\000o\000f\000\040\000S\000t\000a\000t\000e}{section*.3}% 9
\BOOKMARK [1][-]{section*.10}{\376\377\000N\000e\000u\000t\000r\000o\000n\000\040\000S\000t\000a\000r\000\040\000C\000o\000m\000p\000o\000s\000i\000t\000i\000o\000n\000\040\000a\000n\000d\000\040\000F\000o\000r\000m\000a\000t\000i\000o\000n}{section*.1}% 10
\BOOKMARK [2][-]{section*.11}{\376\377\000C\000o\000r\000e\000-\000C\000o\000l\000l\000a\000p\000s\000e\000\040\000S\000u\000p\000e\000r\000n\000o\000v\000a\000e\000\040\000a\000n\000d\000\040\000N\000e\000u\000t\000r\000o\000n\000\040\000S\000t\000a\000r\000\040\000F\000o\000r\000m\000a\000t\000i\000o\000n}{section*.10}% 11
\BOOKMARK [2][-]{section*.12}{\376\377\000N\000e\000u\000t\000r\000o\000n\000i\000z\000a\000t\000i\000o\000n\000\040\000a\000n\000d\000\040\000t\000h\000e\000\040\000C\000o\000m\000p\000o\000s\000i\000t\000i\000o\000n\000\040\000o\000f\000\040\000t\000h\000e\000\040\000I\000n\000t\000e\000r\000i\000o\000r}{section*.10}% 12
\BOOKMARK [2][-]{section*.13}{\376\377\000T\000h\000e\000\040\000D\000e\000g\000e\000n\000e\000r\000a\000c\000y\000\040\000C\000o\000n\000d\000i\000t\000i\000o\000n}{section*.10}% 13
\BOOKMARK [2][-]{section*.14}{\376\377\000T\000h\000e\000\040\000R\000e\000l\000a\000t\000i\000v\000i\000s\000t\000i\000c\000\040\000P\000a\000r\000a\000m\000e\000t\000e\000r\000\040\000a\000n\000d\000\040\000I\000t\000s\000\040\000I\000m\000p\000l\000i\000c\000a\000t\000i\000o\000n\000s}{section*.10}% 14
\BOOKMARK [2][-]{section*.15}{\376\377\000I\000n\000t\000e\000r\000n\000a\000l\000\040\000S\000t\000r\000u\000c\000t\000u\000r\000e\000\040\000a\000n\000d\000\040\000t\000h\000e\000\040\000D\000o\000m\000a\000i\000n\000\040\000o\000f\000\040\000t\000h\000e\000\040\000M\000o\000d\000e\000l}{section*.10}% 15
\BOOKMARK [1][-]{section*.16}{\376\377\000S\000t\000e\000l\000l\000a\000r\000\040\000S\000t\000r\000u\000c\000t\000u\000r\000e\000:\000\040\000N\000e\000w\000t\000o\000n\000i\000a\000n\000\040\000H\000y\000d\000r\000o\000s\000t\000a\000t\000i\000c\000\040\000E\000q\000u\000i\000l\000i\000b\000r\000i\000u\000m}{section*.1}% 16
\BOOKMARK [2][-]{section*.17}{\376\377\000H\000y\000d\000r\000o\000s\000t\000a\000t\000i\000c\000\040\000E\000q\000u\000i\000l\000i\000b\000r\000i\000u\000m}{section*.16}% 17
\BOOKMARK [2][-]{section*.18}{\376\377\000T\000h\000e\000\040\000P\000o\000l\000y\000t\000r\000o\000p\000i\000c\000\040\000E\000q\000u\000a\000t\000i\000o\000n\000\040\000o\000f\000\040\000S\000t\000a\000t\000e\000\040\000a\000n\000d\000\040\000t\000h\000e\000\040\000L\000a\000n\000e\000-\000E\000m\000d\000e\000n\000\040\000E\000q\000u\000a\000t\000i\000o\000n}{section*.16}% 18
\BOOKMARK [2][-]{section*.19}{\376\377\000T\000h\000e\000\040\000M\000a\000s\000s\000-\000R\000a\000d\000i\000u\000s\000\040\000R\000e\000l\000a\000t\000i\000o\000n\000\040\000i\000n\000\040\000t\000h\000e\000\040\000N\000o\000n\000-\000R\000e\000l\000a\000t\000i\000v\000i\000s\000t\000i\000c\000\040\000L\000i\000m\000i\000t}{section*.16}% 19
\BOOKMARK [2][-]{section*.20}{\376\377\000T\000h\000e\000\040\000M\000a\000x\000i\000m\000u\000m\000\040\000M\000a\000s\000s\000\040\000a\000n\000d\000\040\000t\000h\000e\000\040\000B\000r\000e\000a\000k\000d\000o\000w\000n\000\040\000o\000f\000\040\000t\000h\000e\000\040\000N\000o\000n\000-\000R\000e\000l\000a\000t\000i\000v\000i\000s\000t\000i\000c\000\040\000T\000r\000e\000a\000t\000m\000e\000n\000t}{section*.16}% 20
\BOOKMARK [1][-]{section*.21}{\376\377\000G\000e\000n\000e\000r\000a\000l\000\040\000R\000e\000l\000a\000t\000i\000v\000i\000s\000t\000i\000c\000\040\000S\000t\000e\000l\000l\000a\000r\000\040\000S\000t\000r\000u\000c\000t\000u\000r\000e\000\040\000a\000n\000d\000\040\000t\000h\000e\000\040\000T\000O\000V\000\040\000E\000q\000u\000a\000t\000i\000o\000n}{section*.1}% 21
\BOOKMARK [2][-]{section*.22}{\376\377\000T\000h\000e\000\040\000S\000c\000h\000w\000a\000r\000z\000s\000c\000h\000i\000l\000d\000\040\000M\000e\000t\000r\000i\000c\000\040\000a\000n\000d\000\040\000S\000t\000e\000l\000l\000a\000r\000\040\000S\000t\000r\000u\000c\000t\000u\000r\000e}{section*.21}% 22
\BOOKMARK [2][-]{section*.23}{\376\377\000D\000e\000r\000i\000v\000a\000t\000i\000o\000n\000\040\000o\000f\000\040\000t\000h\000e\000\040\000T\000O\000V\000\040\000E\000q\000u\000a\000t\000i\000o\000n}{section*.21}% 23
\BOOKMARK [2][-]{section*.24}{\376\377\000N\000u\000m\000e\000r\000i\000c\000a\000l\000\040\000I\000n\000t\000e\000g\000r\000a\000t\000i\000o\000n\000\040\000a\000n\000d\000\040\000B\000o\000u\000n\000d\000a\000r\000y\000\040\000C\000o\000n\000d\000i\000t\000i\000o\000n\000s}{section*.21}% 24
\BOOKMARK [2][-]{section*.25}{\376\377\000T\000h\000e\000\040\000O\000p\000p\000e\000n\000h\000e\000i\000m\000e\000r\040\023\000V\000o\000l\000k\000o\000f\000f\000\040\000M\000a\000x\000i\000m\000u\000m\000\040\000M\000a\000s\000s}{section*.21}% 25
\BOOKMARK [1][-]{section*.26}{\376\377\000T\000h\000e\000\040\000M\000a\000s\000s\040\023\000R\000a\000d\000i\000u\000s\000\040\000R\000e\000l\000a\000t\000i\000o\000n\000s\000h\000i\000p}{section*.1}% 26
\BOOKMARK [2][-]{section*.27}{\376\377\000S\000t\000r\000u\000c\000t\000u\000r\000e\000\040\000o\000f\000\040\000t\000h\000e\000\040\000M\000a\000s\000s\040\023\000R\000a\000d\000i\000u\000s\000\040\000C\000u\000r\000v\000e}{section*.26}% 27
\BOOKMARK [2][-]{section*.28}{\376\377\000C\000o\000m\000p\000a\000r\000i\000s\000o\000n\000\040\000w\000i\000t\000h\000\040\000O\000b\000s\000e\000r\000v\000e\000d\000\040\000N\000e\000u\000t\000r\000o\000n\000\040\000S\000t\000a\000r\000s}{section*.26}% 28
\BOOKMARK [1][-]{section*.29}{\376\377\000C\000o\000n\000c\000l\000u\000s\000i\000o\000n}{section*.1}% 29
\BOOKMARK [2][-]{section*.30}{\376\377\000A\000c\000k\000n\000o\000w\000l\000e\000d\000g\000e\000m\000e\000n\000t\000s}{section*.29}% 30
\BOOKMARK [1][-]{section*.31}{\376\377\000R\000e\000f\000e\000r\000e\000n\000c\000e\000s}{section*.1}% 31
